[debug] [2021-04-09T12:18:57.909Z] ----------------------------------------------------------------------
[debug] [2021-04-09T12:18:57.924Z] Command:       C:\Program Files\nodejs\node.exe C:\Users\Shareef\AppData\Roaming\npm\node_modules\firebase-tools\lib\bin\firebase.js init
[debug] [2021-04-09T12:18:57.925Z] CLI Version:   9.5.0
[debug] [2021-04-09T12:18:57.925Z] Platform:      win32
[debug] [2021-04-09T12:18:57.925Z] Node Version:  v12.18.3
[debug] [2021-04-09T12:18:57.973Z] Time:          Fri Apr 09 2021 17:48:57 GMT+0530 (India Standard Time)
[debug] [2021-04-09T12:18:57.974Z] ----------------------------------------------------------------------
[debug] [2021-04-09T12:18:57.974Z] 
[debug] [2021-04-09T12:18:58.007Z] >>> [apiv2][query] GET https://firebase-public.firebaseio.com/cli.json [none]
[debug] [2021-04-09T12:18:58.184Z] > command requires scopes: ["email","openid","https://www.googleapis.com/auth/cloudplatformprojects.readonly","https://www.googleapis.com/auth/firebase","https://www.googleapis.com/auth/cloud-platform"]
[debug] [2021-04-09T12:18:58.185Z] > authorizing via signed-in user
[info] 
     ######## #### ########  ######## ########     ###     ######  ########
     ##        ##  ##     ## ##       ##     ##  ##   ##  ##       ##
     ######    ##  ########  ######   ########  #########  ######  ######
     ##        ##  ##    ##  ##       ##     ## ##     ##       ## ##
     ##       #### ##     ## ######## ########  ##     ##  ######  ########

You're about to initialize a Firebase project in this directory:

  D:\Development\nextJsProjects\yournotes

[debug] [2021-04-09T12:19:00.817Z] <<< [apiv2][status] GET https://firebase-public.firebaseio.com/cli.json 200
[debug] [2021-04-09T12:19:00.817Z] <<< [apiv2][body] GET https://firebase-public.firebaseio.com/cli.json {"cloudBuildErrorAfter":1594252800000,"cloudBuildWarnAfter":1590019200000,"defaultNode10After":1594252800000,"minVersion":"3.0.5","node8DeploysDisabledAfter":1613390400000,"node8RuntimeDisabledAfter":1615809600000,"node8WarnAfter":1600128000000}
